<?xml version="1.0" encoding="UTF-8"?>
<!-- Generated by org.testng.reporters.JUnitReportReporter -->
<testsuite hostname="RDG" failures="0" tests="1" name="com.akkuandidiot.tests.ContactsPageTest" time="69.619" errors="0" timestamp="17 Aug 2019 12:39:17 GMT">
  <testcase classname="com.akkuandidiot.tests.ContactsPageTest" name="validateContactsLabelOnContactsPageTest" time="69.619"/>
</testsuite> <!-- com.akkuandidiot.tests.ContactsPageTest -->
