<?xml version="1.0" encoding="UTF-8"?>
<!-- Generated by org.testng.reporters.JUnitReportReporter -->
<testsuite hostname="RDG" failures="0" tests="3" name="com.akkuandidiot.tests.LoginPageTest" time="96.557" errors="0" timestamp="19 Aug 2019 13:34:29 GMT">
  <testcase classname="com.akkuandidiot.tests.LoginPageTest" name="loginPageTittleTest" time="43.643"/>
  <testcase classname="com.akkuandidiot.tests.LoginPageTest" name="loginPageLoginTest" time="33.618"/>
  <testcase classname="com.akkuandidiot.tests.LoginPageTest" name="loginPageLogoTest" time="19.296"/>
</testsuite> <!-- com.akkuandidiot.tests.LoginPageTest -->
