<?xml version="1.0" encoding="UTF-8"?>
<!-- Generated by org.testng.reporters.JUnitReportReporter -->
<testsuite hostname="RDG" failures="0" tests="3" name="com.akkuandidiot.tests.LoginPageTest" time="169.595" errors="0" timestamp="19 Aug 2019 13:51:58 GMT">
  <testcase classname="com.akkuandidiot.tests.LoginPageTest" name="loginPageLoginTest" time="67.529"/>
  <testcase classname="com.akkuandidiot.tests.LoginPageTest" name="loginPageTittleTest" time="34.005"/>
  <testcase classname="com.akkuandidiot.tests.LoginPageTest" name="loginPageLogoTest" time="68.061"/>
</testsuite> <!-- com.akkuandidiot.tests.LoginPageTest -->
